<?xml version="1.0" encoding="UTF-8"?>
<!-- Generated by org.testng.reporters.JUnitReportReporter -->
<testsuite skipped="0" hostname="LAPTOP-PMHEJ57P" name="com.automationpractice.EcomSignUp" tests="1" failures="0" timestamp="2020-10-28T15:47:10 IST" time="80.155" errors="0">
  <testcase name="verifyElemntsOnPageTest" time="80.155" classname="com.automationpractice.EcomSignUp"/>
  <system-out/>
</testsuite> <!-- com.automationpractice.EcomSignUp -->
