<?xml version="1.0" encoding="UTF-8"?>
<!-- Generated by org.testng.reporters.JUnitReportReporter -->
<testsuite skipped="15" hostname="LAPTOP-PMHEJ57P" name="com.lambdatest.SignUpTest" tests="16" failures="0" timestamp="2020-10-26T23:57:30 IST" time="0.003" errors="1">
  <testcase name="emptyNameTest" time="0.000" classname="com.lambdatest.SignUpTest">
    <skipped/>
  </testcase> <!-- emptyNameTest -->
  <system-out/>
  <testcase name="loginRedirectionTest" time="0.000" classname="com.lambdatest.SignUpTest">
    <skipped/>
  </testcase> <!-- loginRedirectionTest -->
  <system-out/>
  <testcase name="inValidPhoneTest" time="0.000" classname="com.lambdatest.SignUpTest">
    <skipped/>
  </testcase> <!-- inValidPhoneTest -->
  <system-out/>
  <testcase name="uncheckedTerms" time="0.000" classname="com.lambdatest.SignUpTest">
    <skipped/>
  </testcase> <!-- uncheckedTerms -->
  <system-out/>
  <testcase name="privacyPolicyRedirectionTest" time="0.000" classname="com.lambdatest.SignUpTest">
    <skipped/>
  </testcase> <!-- privacyPolicyRedirectionTest -->
  <system-out/>
  <testcase name="emptyCompanyNameTest" time="0.000" classname="com.lambdatest.SignUpTest">
    <skipped/>
  </testcase> <!-- emptyCompanyNameTest -->
  <system-out/>
  <testcase name="verifyElemntsOnPageTest" time="0.000" classname="com.lambdatest.SignUpTest">
    <skipped/>
  </testcase> <!-- verifyElemntsOnPageTest -->
  <system-out/>
  <testcase name="emptyPasswordTest" time="0.000" classname="com.lambdatest.SignUpTest">
    <skipped/>
  </testcase> <!-- emptyPasswordTest -->
  <system-out/>
  <testcase name="inValidPasswordTest" time="0.000" classname="com.lambdatest.SignUpTest">
    <skipped/>
  </testcase> <!-- inValidPasswordTest -->
  <system-out/>
  <testcase name="landingPageRedirectionTest" time="0.000" classname="com.lambdatest.SignUpTest">
    <skipped/>
  </testcase> <!-- landingPageRedirectionTest -->
  <system-out/>
  <testcase name="termsRedirectionTest" time="0.000" classname="com.lambdatest.SignUpTest">
    <skipped/>
  </testcase> <!-- termsRedirectionTest -->
  <system-out/>
  <testcase name="openBrowser" time="0.003" classname="com.lambdatest.SignUpTest">
    <error type="java.lang.Error" message="Unresolved compilation problems: 
	TimeUnit cannot be resolved to a variable
	TimeUnit cannot be resolved to a variable
">
      <![CDATA[java.lang.Error: Unresolved compilation problems: 
TimeUnit cannot be resolved to a variable
TimeUnit cannot be resolved to a variable

at com.lambdatest.SignUpTest.openBrowser(SignUpTest.java:66)
at sun.reflect.NativeMethodAccessorImpl.invoke0(Native Method)
at sun.reflect.NativeMethodAccessorImpl.invoke(NativeMethodAccessorImpl.java:62)
at sun.reflect.DelegatingMethodAccessorImpl.invoke(DelegatingMethodAccessorImpl.java:43)
at java.lang.reflect.Method.invoke(Method.java:498)
at org.testng.internal.MethodInvocationHelper.invokeMethod(MethodInvocationHelper.java:135)
at org.testng.internal.MethodInvocationHelper.invokeMethodConsideringTimeout(MethodInvocationHelper.java:64)
at org.testng.internal.ConfigInvoker.invokeConfigurationMethod(ConfigInvoker.java:364)
at org.testng.internal.ConfigInvoker.invokeConfigurations(ConfigInvoker.java:318)
at org.testng.internal.TestInvoker.runConfigMethods(TestInvoker.java:700)
at org.testng.internal.TestInvoker.invokeMethod(TestInvoker.java:527)
at org.testng.internal.TestInvoker.invokeTestMethod(TestInvoker.java:174)
at org.testng.internal.MethodRunner.runInSequence(MethodRunner.java:46)
at org.testng.internal.TestInvoker$MethodInvocationAgent.invoke(TestInvoker.java:821)
at org.testng.internal.TestInvoker.invokeTestMethods(TestInvoker.java:147)
at org.testng.internal.TestMethodWorker.invokeTestMethods(TestMethodWorker.java:146)
at org.testng.internal.TestMethodWorker.run(TestMethodWorker.java:128)
at java.util.ArrayList.forEach(ArrayList.java:1257)
at org.testng.TestRunner.privateRun(TestRunner.java:767)
at org.testng.TestRunner.run(TestRunner.java:588)
at org.testng.SuiteRunner.runTest(SuiteRunner.java:384)
at org.testng.SuiteRunner.runSequentially(SuiteRunner.java:378)
at org.testng.SuiteRunner.privateRun(SuiteRunner.java:337)
at org.testng.SuiteRunner.run(SuiteRunner.java:286)
at org.testng.SuiteRunnerWorker.runSuite(SuiteRunnerWorker.java:53)
at org.testng.SuiteRunnerWorker.run(SuiteRunnerWorker.java:96)
at org.testng.TestNG.runSuitesSequentially(TestNG.java:1214)
at org.testng.TestNG.runSuitesLocally(TestNG.java:1136)
at org.testng.TestNG.runSuites(TestNG.java:1066)
at org.testng.TestNG.run(TestNG.java:1034)
at org.testng.remote.AbstractRemoteTestNG.run(AbstractRemoteTestNG.java:115)
at org.testng.remote.RemoteTestNG.initAndRun(RemoteTestNG.java:251)
at org.testng.remote.RemoteTestNG.main(RemoteTestNG.java:77)
]]>
    </error>
  </testcase> <!-- openBrowser -->
  <system-out/>
  <testcase name="emptyPhoneTest" time="0.000" classname="com.lambdatest.SignUpTest">
    <skipped/>
  </testcase> <!-- emptyPhoneTest -->
  <system-out/>
  <testcase name="emptyEmailTest" time="0.000" classname="com.lambdatest.SignUpTest">
    <skipped/>
  </testcase> <!-- emptyEmailTest -->
  <system-out/>
  <testcase name="invalidEmailTest" time="0.000" classname="com.lambdatest.SignUpTest">
    <skipped/>
  </testcase> <!-- invalidEmailTest -->
  <system-out/>
  <testcase name="validRegistrationTest" time="0.000" classname="com.lambdatest.SignUpTest">
    <skipped/>
  </testcase> <!-- validRegistrationTest -->
  <system-out/>
</testsuite> <!-- com.lambdatest.SignUpTest -->
